<?xml version="1.0" encoding="UTF-8"?>
<!-- Generated by org.testng.reporters.JUnitXMLReporter -->
<testsuite ignored="0" hostname="DESKTOP-UTHETTO" failures="1" tests="2" name="Test" time="0.119" errors="0" timestamp="2025-07-17T20:15:12 IST">
  <testcase classname="Testng_Listeners.Basic_class" name="Test2" time="0.019"/>
  <testcase classname="Testng_Listeners.Basic_class" name="Test1" time="0.015">
    <failure type="java.lang.AssertionError" message="expected [true] but found [false]">
      <![CDATA[java.lang.AssertionError: expected [true] but found [false]
at Testng_Listeners.Basic_class.Test1(Basic_class.java:90)
at java.base/java.util.ArrayList.forEach(ArrayList.java:1597)
... Removed 29 stack frames]]>
    </failure>
  </testcase> <!-- Test1 -->
</testsuite> <!-- Test -->
