<?xml version="1.0" encoding="UTF-8"?>
<testng-results ignored="0" total="2" passed="1" failed="1" skipped="0">
  <reporter-output>
  </reporter-output>
  <suite started-at="2025-07-17T20:15:11 IST" name="Suite" finished-at="2025-07-17T20:15:12 IST" duration-ms="119">
    <groups>
    </groups>
    <test started-at="2025-07-17T20:15:11 IST" name="Test" finished-at="2025-07-17T20:15:12 IST" duration-ms="119">
      <class name="Testng_Listeners.Basic_class">
        <test-method is-config="true" signature="beforeSuite()[pri:0, instance:Testng_Listeners.Basic_class@3e6ef8ad]" started-at="2025-07-17T20:15:11 IST" name="beforeSuite" finished-at="2025-07-17T20:15:11 IST" duration-ms="17" status="PASS">
          <reporter-output>
          </reporter-output>
        </test-method> <!-- beforeSuite -->
        <test-method is-config="true" signature="beforetest()[pri:0, instance:Testng_Listeners.Basic_class@3e6ef8ad]" started-at="2025-07-17T20:15:11 IST" name="beforetest" finished-at="2025-07-17T20:15:11 IST" duration-ms="2" status="PASS">
          <reporter-output>
          </reporter-output>
        </test-method> <!-- beforetest -->
        <test-method is-config="true" signature="beforeClass()[pri:0, instance:Testng_Listeners.Basic_class@3e6ef8ad]" started-at="2025-07-17T20:15:11 IST" name="beforeClass" finished-at="2025-07-17T20:15:11 IST" duration-ms="1" status="PASS">
          <reporter-output>
          </reporter-output>
        </test-method> <!-- beforeClass -->
        <test-method is-config="true" signature="beforeMethod()[pri:0, instance:Testng_Listeners.Basic_class@3e6ef8ad]" started-at="2025-07-17T20:15:12 IST" name="beforeMethod" finished-at="2025-07-17T20:15:12 IST" duration-ms="1" status="PASS">
          <reporter-output>
          </reporter-output>
        </test-method> <!-- beforeMethod -->
        <test-method signature="Test2()[pri:0, instance:Testng_Listeners.Basic_class@3e6ef8ad]" started-at="2025-07-17T20:15:12 IST" name="Test2" finished-at="2025-07-17T20:15:12 IST" duration-ms="19" status="PASS">
          <reporter-output>
          </reporter-output>
        </test-method> <!-- Test2 -->
        <test-method is-config="true" signature="AfterMethod()[pri:0, instance:Testng_Listeners.Basic_class@3e6ef8ad]" started-at="2025-07-17T20:15:12 IST" name="AfterMethod" finished-at="2025-07-17T20:15:12 IST" duration-ms="1" status="PASS">
          <reporter-output>
          </reporter-output>
        </test-method> <!-- AfterMethod -->
        <test-method is-config="true" signature="beforeMethod()[pri:0, instance:Testng_Listeners.Basic_class@3e6ef8ad]" started-at="2025-07-17T20:15:12 IST" name="beforeMethod" finished-at="2025-07-17T20:15:12 IST" duration-ms="1" status="PASS">
          <reporter-output>
          </reporter-output>
        </test-method> <!-- beforeMethod -->
        <test-method signature="Test1()[pri:1, instance:Testng_Listeners.Basic_class@3e6ef8ad]" started-at="2025-07-17T20:15:12 IST" name="Test1" finished-at="2025-07-17T20:15:12 IST" duration-ms="15" status="FAIL">
          <exception class="java.lang.AssertionError">
            <message>
              <![CDATA[expected [true] but found [false]]]>
            </message>
            <full-stacktrace>
              <![CDATA[java.lang.AssertionError: expected [true] but found [false]
at org.testng.Assert.fail(Assert.java:111)
at org.testng.Assert.failNotEquals(Assert.java:1590)
at org.testng.Assert.assertTrue(Assert.java:57)
at org.testng.Assert.assertTrue(Assert.java:67)
at Testng_Listeners.Basic_class.Test1(Basic_class.java:90)
at java.base/jdk.internal.reflect.DirectMethodHandleAccessor.invoke(DirectMethodHandleAccessor.java:103)
at java.base/java.lang.reflect.Method.invoke(Method.java:580)
at org.testng.internal.invokers.MethodInvocationHelper.invokeMethod(MethodInvocationHelper.java:141)
at org.testng.internal.invokers.TestInvoker.invokeMethod(TestInvoker.java:687)
at org.testng.internal.invokers.TestInvoker.invokeTestMethod(TestInvoker.java:230)
at org.testng.internal.invokers.MethodRunner.runInSequence(MethodRunner.java:63)
at org.testng.internal.invokers.TestInvoker$MethodInvocationAgent.invoke(TestInvoker.java:995)
at org.testng.internal.invokers.TestInvoker.invokeTestMethods(TestInvoker.java:203)
at org.testng.internal.invokers.TestMethodWorker.invokeTestMethods(TestMethodWorker.java:154)
at org.testng.internal.invokers.TestMethodWorker.run(TestMethodWorker.java:134)
at java.base/java.util.ArrayList.forEach(ArrayList.java:1597)
at org.testng.TestRunner.privateRun(TestRunner.java:741)
at org.testng.TestRunner.run(TestRunner.java:616)
at org.testng.SuiteRunner.runTest(SuiteRunner.java:421)
at org.testng.SuiteRunner.runSequentially(SuiteRunner.java:413)
at org.testng.SuiteRunner.privateRun(SuiteRunner.java:373)
at org.testng.SuiteRunner.run(SuiteRunner.java:312)
at org.testng.SuiteRunnerWorker.runSuite(SuiteRunnerWorker.java:52)
at org.testng.SuiteRunnerWorker.run(SuiteRunnerWorker.java:95)
at org.testng.TestNG.runSuitesSequentially(TestNG.java:1274)
at org.testng.TestNG.runSuitesLocally(TestNG.java:1208)
at org.testng.TestNG.runSuites(TestNG.java:1112)
at org.testng.TestNG.run(TestNG.java:1079)
at org.testng.remote.AbstractRemoteTestNG.run(AbstractRemoteTestNG.java:115)
at org.testng.remote.RemoteTestNG.initAndRun(RemoteTestNG.java:293)
at org.testng.remote.RemoteTestNG.main(RemoteTestNG.java:91)
]]>
            </full-stacktrace>
          </exception> <!-- java.lang.AssertionError -->
          <reporter-output>
          </reporter-output>
        </test-method> <!-- Test1 -->
        <test-method is-config="true" signature="AfterMethod()[pri:0, instance:Testng_Listeners.Basic_class@3e6ef8ad]" started-at="2025-07-17T20:15:12 IST" name="AfterMethod" finished-at="2025-07-17T20:15:12 IST" duration-ms="1" status="PASS">
          <reporter-output>
          </reporter-output>
        </test-method> <!-- AfterMethod -->
        <test-method is-config="true" signature="AfterClass()[pri:0, instance:Testng_Listeners.Basic_class@3e6ef8ad]" started-at="2025-07-17T20:15:12 IST" name="AfterClass" finished-at="2025-07-17T20:15:12 IST" duration-ms="1" status="PASS">
          <reporter-output>
          </reporter-output>
        </test-method> <!-- AfterClass -->
        <test-method is-config="true" signature="Aftertest()[pri:0, instance:Testng_Listeners.Basic_class@3e6ef8ad]" started-at="2025-07-17T20:15:12 IST" name="Aftertest" finished-at="2025-07-17T20:15:12 IST" duration-ms="1" status="PASS">
          <reporter-output>
          </reporter-output>
        </test-method> <!-- Aftertest -->
        <test-method is-config="true" signature="AfterSuite()[pri:0, instance:Testng_Listeners.Basic_class@3e6ef8ad]" started-at="2025-07-17T20:15:12 IST" name="AfterSuite" finished-at="2025-07-17T20:15:12 IST" duration-ms="0" status="PASS">
          <reporter-output>
          </reporter-output>
        </test-method> <!-- AfterSuite -->
      </class> <!-- Testng_Listeners.Basic_class -->
    </test> <!-- Test -->
  </suite> <!-- Suite -->
</testng-results>
